2025-03-16 14:18:30 - ERFOLGREICHE INTERAKTION:
  Kaffeetyp: Espresso
  Stärke: normal
  Temperatur: normal
  Menge: Standard
---------------------------------------------
2025-03-16 14:26:52 - ERFOLGREICHE INTERAKTION:
  Kaffeetyp: Espresso
  Stärke: normal
  Temperatur: normal
  Menge: Standard
---------------------------------------------
2025-03-16 14:30:06 - ERFOLGREICHE INTERAKTION:
  Kaffeetyp: Espresso
  Stärke: normal
  Temperatur: normal
  Menge: Standard
---------------------------------------------
2025-03-16 14:50:36 - ERFOLGREICHE INTERAKTION:
  Kaffeetyp: Espresso
  Stärke: normal
  Temperatur: normal
  Menge: Standard
---------------------------------------------
2025-03-16 14:58:44 - ERFOLGREICHE INTERAKTION:
  Kaffeetyp: Espresso
  Stärke: normal
  Temperatur: normal
  Menge: Standard
---------------------------------------------
2025-03-16 15:07:57 - ERFOLGREICHE INTERAKTION:
  Kaffeetyp: Espresso
  Stärke: normal
  Temperatur: normal
  Menge: Standard
---------------------------------------------
2025-03-16 15:56:24 - ERFOLGREICHE INTERAKTION:
  Kaffeetyp: Espresso
  Stärke: normal
  Temperatur: normal
  Menge: Standard
---------------------------------------------
2025-03-16 16:04:04 - ERFOLGREICHE INTERAKTION:
  Kaffeetyp: Espresso
  Stärke: normal
  Temperatur: normal
  Menge: Standard
---------------------------------------------
2025-03-16 16:11:47 - ERFOLGREICHE INTERAKTION:
  Kaffeetyp: Espresso
  Stärke: normal
  Temperatur: normal
  Menge: Standard
---------------------------------------------
2025-03-17 17:52:33 - ERFOLGREICHE INTERAKTION:
  Kaffeetyp: Espresso
  Stärke: normal
  Temperatur: normal
  Menge: Standard
---------------------------------------------
2025-03-17 17:56:56 - ERFOLGREICHE INTERAKTION:
  Kaffeetyp: Espresso
  Stärke: normal
  Temperatur: normal
  Menge: Standard
---------------------------------------------
2025-03-17 18:00:14 - ERFOLGREICHE INTERAKTION:
  Kaffeetyp: Espresso
  Stärke: normal
  Temperatur: normal
  Menge: Standard
---------------------------------------------
2025-03-17 18:05:13 - ERFOLGREICHE INTERAKTION:
  Kaffeetyp: Espresso
  Stärke: normal
  Temperatur: normal
  Menge: Standard
---------------------------------------------
2025-03-17 18:09:07 - ERFOLGREICHE INTERAKTION:
  Kaffeetyp: Espresso
  Stärke: normal
  Temperatur: normal
  Menge: Standard
---------------------------------------------
2025-03-17 18:13:29 - ERFOLGREICHE INTERAKTION:
  Kaffeetyp: Espresso
  Stärke: normal
  Temperatur: normal
  Menge: Standard
---------------------------------------------
2025-03-18 11:12:44 - ERFOLGREICHE INTERAKTION:
  Kaffeetyp: Espresso
  Stärke: normal
  Temperatur: normal
  Menge: Standard
---------------------------------------------
2025-03-18 11:15:41 - ERFOLGREICHE INTERAKTION:
  Kaffeetyp: Espresso
  Stärke: normal
  Temperatur: normal
  Menge: Standard
---------------------------------------------
2025-03-18 11:21:03 - ERFOLGREICHE INTERAKTION:
  Kaffeetyp: Espresso
  Stärke: normal
  Temperatur: normal
  Menge: Standard
---------------------------------------------
2025-03-18 11:40:13 - ERFOLGREICHE INTERAKTION:
  Kaffeetyp: Espresso
  Stärke: normal
  Temperatur: normal
  Menge: Standard
---------------------------------------------
2025-03-18 11:46:07 - ERFOLGREICHE INTERAKTION:
  Kaffeetyp: Espresso
  Stärke: normal
  Temperatur: normal
  Menge: Standard
---------------------------------------------
2025-03-18 11:49:39 - ERFOLGREICHE INTERAKTION:
  Kaffeetyp: Espresso
  Stärke: normal
  Temperatur: normal
  Menge: Standard
---------------------------------------------
2025-03-18 11:58:47 - ERFOLGREICHE INTERAKTION:
  Kaffeetyp: Espresso
  Stärke: normal
  Temperatur: normal
  Menge: Standard
---------------------------------------------
2025-03-18 12:04:15 - ERFOLGREICHE INTERAKTION:
  Kaffeetyp: Espresso
  Stärke: normal
  Temperatur: normal
  Menge: Standard
---------------------------------------------
2025-03-18 12:09:01 - ERFOLGREICHE INTERAKTION:
  Kaffeetyp: Espresso
  Stärke: normal
  Temperatur: normal
  Menge: Standard
---------------------------------------------
2025-03-18 12:15:41 - ERFOLGREICHE INTERAKTION:
  Kaffeetyp: Espresso
  Stärke: normal
  Temperatur: normal
  Menge: Standard
---------------------------------------------
2025-03-18 12:18:23 - ERFOLGREICHE INTERAKTION:
  Kaffeetyp: Espresso
  Stärke: normal
  Temperatur: normal
  Menge: Standard
---------------------------------------------
2025-03-18 12:20:25 - ERFOLGREICHE INTERAKTION:
  Kaffeetyp: Espresso
  Stärke: normal
  Temperatur: normal
  Menge: Standard
---------------------------------------------
