2025-03-13 22:10:29 - ERFOLGREICHE INTERAKTION:
  Kaffeetyp: Espresso
  Stärke: normal
  Temperatur: normal
  Menge: Standard
---------------------------------------------
2025-03-13 22:50:46 - ERFOLGREICHE INTERAKTION:
  Kaffeetyp: Espresso
  Stärke: normal
  Temperatur: normal
  Menge: Standard
---------------------------------------------
2025-03-13 22:56:23 - ERFOLGREICHE INTERAKTION:
  Kaffeetyp: Espresso
  Stärke: normal
  Temperatur: normal
  Menge: Standard
---------------------------------------------
2025-03-14 09:51:57 - ERFOLGREICHE INTERAKTION:
  Kaffeetyp: Espresso
  Stärke: normal
  Temperatur: normal
  Menge: Standard
---------------------------------------------
2025-03-14 10:05:36 - ERFOLGREICHE INTERAKTION:
  Kaffeetyp: Espresso
  Stärke: normal
  Temperatur: normal
  Menge: Standard
---------------------------------------------
2025-03-14 10:10:44 - ERFOLGREICHE INTERAKTION:
  Kaffeetyp: Espresso
  Stärke: normal
  Temperatur: normal
  Menge: Standard
---------------------------------------------
2025-03-14 10:52:56 - ERFOLGREICHE INTERAKTION:
  Kaffeetyp: Espresso
  Stärke: normal
  Temperatur: normal
  Menge: Standard
---------------------------------------------
2025-03-14 10:56:22 - ERFOLGREICHE INTERAKTION:
  Kaffeetyp: Espresso
  Stärke: normal
  Temperatur: normal
  Menge: Standard
---------------------------------------------
2025-03-14 11:01:27 - ERFOLGREICHE INTERAKTION:
  Kaffeetyp: Espresso
  Stärke: normal
  Temperatur: normal
  Menge: Standard
---------------------------------------------
2025-03-17 09:12:14 - ERFOLGREICHE INTERAKTION:
  Kaffeetyp: Espresso
  Stärke: normal
  Temperatur: normal
  Menge: Standard
---------------------------------------------
2025-03-17 09:23:57 - ERFOLGREICHE INTERAKTION:
  Kaffeetyp: Espresso
  Stärke: normal
  Temperatur: normal
  Menge: Standard
---------------------------------------------
2025-03-17 09:30:04 - ERFOLGREICHE INTERAKTION:
  Kaffeetyp: Espresso
  Stärke: normal
  Temperatur: normal
  Menge: Standard
---------------------------------------------
2025-03-17 10:51:14 - ERFOLGREICHE INTERAKTION:
  Kaffeetyp: Espresso
  Stärke: normal
  Temperatur: normal
  Menge: Standard
---------------------------------------------
2025-03-17 10:54:58 - ERFOLGREICHE INTERAKTION:
  Kaffeetyp: Espresso
  Stärke: normal
  Temperatur: normal
  Menge: Standard
---------------------------------------------
2025-03-17 10:58:47 - ERFOLGREICHE INTERAKTION:
  Kaffeetyp: Espresso
  Stärke: normal
  Temperatur: normal
  Menge: Standard
---------------------------------------------
2025-03-17 19:43:09 - ERFOLGREICHE INTERAKTION:
  Kaffeetyp: Espresso
  Stärke: normal
  Temperatur: normal
  Menge: Standard
---------------------------------------------
2025-03-17 19:49:38 - ERFOLGREICHE INTERAKTION:
  Kaffeetyp: Espresso
  Stärke: normal
  Temperatur: normal
  Menge: Standard
---------------------------------------------
2025-03-17 19:55:13 - ERFOLGREICHE INTERAKTION:
  Kaffeetyp: Espresso
  Stärke: normal
  Temperatur: normal
  Menge: Standard
---------------------------------------------
2025-03-18 11:26:57 - ERFOLGREICHE INTERAKTION:
  Kaffeetyp: Espresso
  Stärke: normal
  Temperatur: normal
  Menge: Standard
---------------------------------------------
2025-03-18 11:35:04 - ERFOLGREICHE INTERAKTION:
  Kaffeetyp: Espresso
  Stärke: normal
  Temperatur: normal
  Menge: Standard
---------------------------------------------
2025-03-18 11:37:57 - ERFOLGREICHE INTERAKTION:
  Kaffeetyp: Espresso
  Stärke: normal
  Temperatur: normal
  Menge: Standard
---------------------------------------------
2025-03-18 11:48:32 - ERFOLGREICHE INTERAKTION:
  Kaffeetyp: Espresso
  Stärke: normal
  Temperatur: normal
  Menge: Standard
---------------------------------------------
2025-03-18 11:51:58 - ERFOLGREICHE INTERAKTION:
  Kaffeetyp: Espresso
  Stärke: normal
  Temperatur: normal
  Menge: Standard
---------------------------------------------
2025-03-18 11:56:46 - ERFOLGREICHE INTERAKTION:
  Kaffeetyp: Espresso
  Stärke: normal
  Temperatur: normal
  Menge: Standard
---------------------------------------------
2025-03-18 12:06:06 - ERFOLGREICHE INTERAKTION:
  Kaffeetyp: Espresso
  Stärke: normal
  Temperatur: normal
  Menge: Standard
---------------------------------------------
2025-03-18 12:09:44 - ERFOLGREICHE INTERAKTION:
  Kaffeetyp: Espresso
  Stärke: normal
  Temperatur: normal
  Menge: Standard
---------------------------------------------
2025-03-18 12:12:56 - ERFOLGREICHE INTERAKTION:
  Kaffeetyp: Espresso
  Stärke: normal
  Temperatur: normal
  Menge: Standard
---------------------------------------------
